<?xml version="1.0" encoding="UTF-8"?>
<!-- Generated by org.testng.reporters.JUnitReportReporter -->
<testsuite hostname="LAPTOP-F6JN7NDU" failures="0" tests="4" name="Basic.CreateDependency" time="29.766" errors="0" timestamp="2025-01-24T18:31:37 IST" skipped="0">
  <testcase classname="Basic.CreateDependency" name="deleteAccount" time="4.277"/>
  <testcase classname="Basic.CreateDependency" name="updateAccount" time="17.034"/>
  <testcase classname="Basic.CreateDependency" name="createAccount" time="4.618"/>
  <testcase classname="Basic.CreateDependency" name="createAccount" time="3.837"/>
</testsuite> <!-- Basic.CreateDependency -->
