<?xml version="1.0" encoding="UTF-8"?>
<!-- Generated by org.testng.reporters.JUnitReportReporter -->
<testsuite hostname="LAPTOP-F6JN7NDU" failures="0" tests="3" name="Basic.ExecuteTestNG" time="0.009" errors="0" timestamp="2025-01-23T11:57:53 IST" skipped="0">
  <testcase classname="Basic.ExecuteTestNG" name="mech" time="0.001"/>
  <testcase classname="Basic.ExecuteTestNG" name="main" time="0.007"/>
  <testcase classname="Basic.ExecuteTestNG" name="qspider" time="0.001"/>
</testsuite> <!-- Basic.ExecuteTestNG -->
