<?xml version="1.0" encoding="UTF-8"?>
<!-- Generated by org.testng.reporters.JUnitReportReporter -->
<testsuite hostname="LAPTOP-F6JN7NDU" failures="0" tests="3" name="Basic.ConfigurationAnnotation" time="0.007" errors="0" timestamp="2025-01-30T11:05:03 IST" skipped="0">
  <testcase classname="Basic.ConfigurationAnnotation" name="test1" time="0.004"/>
  <testcase classname="Basic.ConfigurationAnnotation" name="test3" time="0.002"/>
  <testcase classname="Basic.ConfigurationAnnotation" name="test2" time="0.001"/>
</testsuite> <!-- Basic.ConfigurationAnnotation -->
