<?xml version="1.0" encoding="UTF-8"?>
<!-- Generated by org.testng.reporters.JUnitReportReporter -->
<testsuite hostname="LAPTOP-F6JN7NDU" failures="0" tests="2" name="dataDrivenTesting.UsingDataProvider" time="46.916" errors="0" timestamp="2025-02-05T13:52:21 IST" skipped="0">
  <testcase classname="dataDrivenTesting.UsingDataProvider" name="reciever" time="24.330"/>
  <testcase classname="dataDrivenTesting.UsingDataProvider" name="reciever" time="22.586"/>
</testsuite> <!-- dataDrivenTesting.UsingDataProvider -->
